# Logfile created on 2014-03-30 01:57:25 +0300 by logger.rb/44203
I, [2014-03-30T01:57:25.191584 #12224]  INFO -- : 0:  rake (10.2.2) from /home/user/.rvm/gems/ruby-2.1.0/specifications/rake-10.2.2.gemspec
I, [2014-03-30T01:57:29.122283 #12224]  INFO -- : 0:  i18n (0.6.9) from /home/user/.rvm/gems/ruby-2.1.0/specifications/i18n-0.6.9.gemspec
E, [2014-03-30T01:57:29.122997 #12224] ERROR -- : Bundler::GemNotFound: Could not find minitest-4.7.5.gem for installation
/home/user/.rvm/gems/ruby-2.1.0@global/gems/bundler-1.5.0/lib/bundler/source/rubygems.rb:149:in `cached_gem'  \n/home/user/.rvm/gems/ruby-2.1.0@global/gems/bundler-1.5.0/lib/bundler/source/rubygems.rb:84:in `install'  \n/home/user/.rvm/gems/ruby-2.1.0@global/gems/bundler-1.5.0/lib/bundler/installer.rb:111:in `block in install_gem_from_spec'  \n/home/user/.rvm/gems/ruby-2.1.0@global/gems/bundler-1.5.0/lib/bundler/rubygems_integration.rb:150:in `with_build_args'  \n/home/user/.rvm/gems/ruby-2.1.0@global/gems/bundler-1.5.0/lib/bundler/installer.rb:110:in `install_gem_from_spec'  \n/home/user/.rvm/gems/ruby-2.1.0@global/gems/bundler-1.5.0/lib/bundler/installer.rb:295:in `block in install_sequentially'  \n/home/user/.rvm/rubies/ruby-2.1.0/lib/ruby/2.1.0/forwardable.rb:183:in `each'  \n/home/user/.rvm/rubies/ruby-2.1.0/lib/ruby/2.1.0/forwardable.rb:183:in `each'  \n/home/user/.rvm/gems/ruby-2.1.0@global/gems/bundler-1.5.0/lib/bundler/installer.rb:294:in `install_sequentially'  \n/home/user/.rvm/gems/ruby-2.1.0@global/gems/bundler-1.5.0/lib/bundler/installer.rb:97:in `run'  \n/home/user/.rvm/gems/ruby-2.1.0@global/gems/bundler-1.5.0/lib/bundler/installer.rb:15:in `install'  \n/home/user/.rvm/gems/ruby-2.1.0@global/gems/bundler-1.5.0/lib/bundler/cli.rb:257:in `install'  \n/home/user/.rvm/gems/ruby-2.1.0@global/gems/bundler-1.5.0/lib/bundler/vendor/thor/command.rb:27:in `run'  \n/home/user/.rvm/gems/ruby-2.1.0@global/gems/bundler-1.5.0/lib/bundler/vendor/thor/invocation.rb:120:in `invoke_command'  \n/home/user/.rvm/gems/ruby-2.1.0@global/gems/bundler-1.5.0/lib/bundler/vendor/thor.rb:363:in `dispatch'  \n/home/user/.rvm/gems/ruby-2.1.0@global/gems/bundler-1.5.0/lib/bundler/vendor/thor/base.rb:438:in `start'  \n/home/user/.rvm/gems/ruby-2.1.0@global/gems/bundler-1.5.0/lib/bundler/cli.rb:10:in `start'  \n/home/user/.rvm/gems/ruby-2.1.0@global/gems/bundler-1.5.0/bin/bundle:22:in `block in <top (required)>'  \n/home/user/.rvm/gems/ruby-2.1.0@global/gems/bundler-1.5.0/lib/bundler/friendly_errors.rb:5:in `with_friendly_errors'  \n/home/user/.rvm/gems/ruby-2.1.0@global/gems/bundler-1.5.0/bin/bundle:22:in `<top (required)>'  \n/home/user/.rvm/gems/ruby-2.1.0@global/bin/bundle:23:in `load'  \n/home/user/.rvm/gems/ruby-2.1.0@global/bin/bundle:23:in `<main>'  \n/home/user/.rvm/gems/ruby-2.1.0@global/bin/ruby_executable_hooks:15:in `eval'  \n/home/user/.rvm/gems/ruby-2.1.0@global/bin/ruby_executable_hooks:15:in `<main>'
I, [2014-03-30T01:58:21.599285 #12235]  INFO -- : 0:  rake (10.2.2) from /home/user/.rvm/gems/ruby-2.1.0/specifications/rake-10.2.2.gemspec
I, [2014-03-30T01:58:21.599783 #12235]  INFO -- : 0:  i18n (0.6.9) from /home/user/.rvm/gems/ruby-2.1.0/specifications/i18n-0.6.9.gemspec
I, [2014-03-30T01:58:21.617232 #12235]  INFO -- : 0:  minitest (4.7.5) from /home/user/.rvm/gems/ruby-2.1.0/specifications/minitest-4.7.5.gemspec
I, [2014-03-30T01:58:24.590784 #12235]  INFO -- : 0:  multi_json (1.9.2) from /home/user/.rvm/gems/ruby-2.1.0/specifications/multi_json-1.9.2.gemspec
I, [2014-03-30T01:58:27.788547 #12235]  INFO -- : 0:  atomic (1.1.16) from /home/user/.rvm/gems/ruby-2.1.0/specifications/atomic-1.1.16.gemspec
I, [2014-03-30T01:58:31.325752 #12235]  INFO -- : 0:  thread_safe (0.3.1) from /home/user/.rvm/gems/ruby-2.1.0/specifications/thread_safe-0.3.1.gemspec
I, [2014-03-30T01:58:35.334395 #12235]  INFO -- : 0:  tzinfo (0.3.39) from /home/user/.rvm/gems/ruby-2.1.0/specifications/tzinfo-0.3.39.gemspec
I, [2014-03-30T01:58:39.115103 #12235]  INFO -- : 0:  activesupport (4.0.4) from /home/user/.rvm/gems/ruby-2.1.0/specifications/activesupport-4.0.4.gemspec
I, [2014-03-30T01:58:41.408638 #12235]  INFO -- : 0:  builder (3.1.4) from /home/user/.rvm/gems/ruby-2.1.0/specifications/builder-3.1.4.gemspec
I, [2014-03-30T01:58:44.141012 #12235]  INFO -- : 0:  erubis (2.7.0) from /home/user/.rvm/gems/ruby-2.1.0/specifications/erubis-2.7.0.gemspec
I, [2014-03-30T01:58:47.994530 #12235]  INFO -- : 0:  rack (1.5.2) from /home/user/.rvm/gems/ruby-2.1.0/specifications/rack-1.5.2.gemspec
I, [2014-03-30T01:58:50.288770 #12235]  INFO -- : 0:  rack-test (0.6.2) from /home/user/.rvm/gems/ruby-2.1.0/specifications/rack-test-0.6.2.gemspec
I, [2014-03-30T01:58:54.381477 #12235]  INFO -- : 0:  actionpack (4.0.4) from /home/user/.rvm/gems/ruby-2.1.0/specifications/actionpack-4.0.4.gemspec
I, [2014-03-30T01:58:57.303522 #12235]  INFO -- : 0:  awesome_print (1.2.0) from /home/user/.rvm/gems/ruby-2.1.0/specifications/awesome_print-1.2.0.gemspec
I, [2014-03-30T01:58:59.103838 #12235]  INFO -- : 0:  debug_inspector (0.0.2) from /home/user/.rvm/gems/ruby-2.1.0/specifications/debug_inspector-0.0.2.gemspec
I, [2014-03-30T01:59:02.320189 #12235]  INFO -- : 0:  binding_of_caller (0.7.2) from /home/user/.rvm/gems/ruby-2.1.0/specifications/binding_of_caller-0.7.2.gemspec
I, [2014-03-30T01:59:05.683106 #12235]  INFO -- : 0:  coderay (1.1.0) from /home/user/.rvm/gems/ruby-2.1.0/specifications/coderay-1.1.0.gemspec
I, [2014-03-30T01:59:08.346420 #12235]  INFO -- : 0:  columnize (0.3.6) from /home/user/.rvm/gems/ruby-2.1.0/specifications/columnize-0.3.6.gemspec
I, [2014-03-30T01:59:10.829109 #12235]  INFO -- : 0:  coolline (0.4.3) from /home/user/.rvm/gems/ruby-2.1.0/specifications/coolline-0.4.3.gemspec
I, [2014-03-30T01:59:12.589556 #12235]  INFO -- : 0:  debugger-linecache (1.2.0) from /home/user/.rvm/gems/ruby-2.1.0/specifications/debugger-linecache-1.2.0.gemspec
I, [2014-03-30T01:59:17.732389 #12235]  INFO -- : 0:  debugger-ruby_core_source (1.3.2) from /home/user/.rvm/gems/ruby-2.1.0/specifications/debugger-ruby_core_source-1.3.2.gemspec
I, [2014-03-30T01:59:24.007626 #12235]  INFO -- : 0:  debugger (1.6.6) from /home/user/.rvm/gems/ruby-2.1.0/specifications/debugger-1.6.6.gemspec
I, [2014-03-30T01:59:26.114413 #12235]  INFO -- : 0:  diff-lcs (1.2.5) from /home/user/.rvm/gems/ruby-2.1.0/specifications/diff-lcs-1.2.5.gemspec
I, [2014-03-30T01:59:28.590510 #12235]  INFO -- : 0:  diffy (3.0.3) from /home/user/.rvm/gems/ruby-2.1.0/specifications/diffy-3.0.3.gemspec
I, [2014-03-30T01:59:30.710612 #12235]  INFO -- : 0:  mime-types (1.25.1) from /home/user/.rvm/gems/ruby-2.1.0/specifications/mime-types-1.25.1.gemspec
I, [2014-03-30T01:59:32.806543 #12235]  INFO -- : 0:  posix-spawn (0.3.8) from /home/user/.rvm/gems/ruby-2.1.0/specifications/posix-spawn-0.3.8.gemspec
I, [2014-03-30T01:59:35.474327 #12235]  INFO -- : 0:  grit (2.5.0) from /home/user/.rvm/gems/ruby-2.1.0/specifications/grit-2.5.0.gemspec
I, [2014-03-30T01:59:37.992285 #12235]  INFO -- : 0:  hirb (0.7.1) from /home/user/.rvm/gems/ruby-2.1.0/specifications/hirb-0.7.1.gemspec
I, [2014-03-30T01:59:40.462306 #12235]  INFO -- : 0:  method_source (0.8.2) from /home/user/.rvm/gems/ruby-2.1.0/specifications/method_source-0.8.2.gemspec
I, [2014-03-30T01:59:43.267762 #12235]  INFO -- : 0:  slop (3.5.0) from /home/user/.rvm/gems/ruby-2.1.0/specifications/slop-3.5.0.gemspec
I, [2014-03-30T01:59:47.386371 #12235]  INFO -- : 0:  pry (0.9.12.6) from /home/user/.rvm/gems/ruby-2.1.0/specifications/pry-0.9.12.6.gemspec
I, [2014-03-30T01:59:49.499929 #12235]  INFO -- : 0:  pry-debugger (0.2.2) from /home/user/.rvm/gems/ruby-2.1.0/specifications/pry-debugger-0.2.2.gemspec
I, [2014-03-30T01:59:53.235533 #12235]  INFO -- : 0:  yard (0.8.7.4) from /home/user/.rvm/gems/ruby-2.1.0/specifications/yard-0.8.7.4.gemspec
I, [2014-03-30T01:59:59.464755 #12235]  INFO -- : 0:  pry-doc (0.4.6) from /home/user/.rvm/gems/ruby-2.1.0/specifications/pry-doc-0.4.6.gemspec
I, [2014-03-30T02:00:01.128692 #12235]  INFO -- : 0:  pry-git (0.2.3) from /home/user/.rvm/gems/ruby-2.1.0/specifications/pry-git-0.2.3.gemspec
I, [2014-03-30T02:00:02.788828 #12235]  INFO -- : 0:  pry-rails (0.3.2) from /home/user/.rvm/gems/ruby-2.1.0/specifications/pry-rails-0.3.2.gemspec
I, [2014-03-30T02:00:04.394792 #12235]  INFO -- : 0:  pry-remote (0.1.8) from /home/user/.rvm/gems/ruby-2.1.0/specifications/pry-remote-0.1.8.gemspec
I, [2014-03-30T02:00:07.136404 #12235]  INFO -- : 0:  pry-stack_explorer (0.4.9.1) from /home/user/.rvm/gems/ruby-2.1.0/specifications/pry-stack_explorer-0.4.9.1.gemspec
I, [2014-03-30T02:00:10.633073 #12235]  INFO -- : 0:  thor (0.19.1) from /home/user/.rvm/gems/ruby-2.1.0/specifications/thor-0.19.1.gemspec
I, [2014-03-30T02:00:13.630200 #12235]  INFO -- : 0:  railties (4.0.4) from /home/user/.rvm/gems/ruby-2.1.0/specifications/railties-4.0.4.gemspec
I, [2014-03-30T02:00:15.539052 #12235]  INFO -- : 0:  jazz_hands (0.5.2) from /home/user/.rvm/gems/ruby-2.1.0/specifications/jazz_hands-0.5.2.gemspec
I, [2014-03-30T02:00:17.310454 #12235]  INFO -- : 0:  rack-protection (1.5.2) from /home/user/.rvm/gems/ruby-2.1.0/specifications/rack-protection-1.5.2.gemspec
I, [2014-03-30T02:00:20.147771 #12235]  INFO -- : 0:  tilt (1.4.1) from /home/user/.rvm/gems/ruby-2.1.0/specifications/tilt-1.4.1.gemspec
I, [2014-03-30T02:00:24.677296 #12235]  INFO -- : 0:  sinatra (1.4.4) from /home/user/.rvm/gems/ruby-2.1.0/specifications/sinatra-1.4.4.gemspec
I, [2014-03-30T02:00:24.677843 #12235]  INFO -- : 0:  bundler (1.5.0) from /home/user/.rvm/gems/ruby-2.1.0@global/specifications/bundler-1.5.0.gemspec
